0 verbose cli /data/data/com.termux/files/usr/bin/node /data/data/com.termux/files/usr/bin/npm
1 info using npm@11.17.0
2 info using node@v26.3.1
3 silly config load:file:/data/data/com.termux/files/usr/lib/node_modules/npm/npmrc
4 silly config load:file:/data/data/com.termux/files/home/.npmrc
5 silly config load:file:/data/data/com.termux/files/usr/etc/npmrc
6 verbose title npm install lodash
7 verbose argv "install" "lodash"
8 verbose logfile logs-max:10 dir:/data/data/com.termux/files/home/.npm/_logs/2026-06-21T18_09_33_399Z-
9 verbose logfile /data/data/com.termux/files/home/.npm/_logs/2026-06-21T18_09_33_399Z-debug-0.log
10 silly logfile done cleaning log files
11 silly allow-scripts no package.json at prefix Could not read package.json: Error: ENOENT: no such file or directory, open '/data/data/com.termux/files/home/package.json'
12 silly packumentCache heap:1039400960 maxSize:259850240 maxEntrySize:129925120
13 silly idealTree buildDeps
14 silly fetch manifest lodash@*
15 silly packumentCache full:https://registry.npmjs.org/lodash cache-miss
16 http fetch GET 200 https://registry.npmjs.org/lodash 251ms (cache miss)
17 silly packumentCache full:https://registry.npmjs.org/lodash set size:undefined disposed:false
18 silly placeDep ROOT lodash@4.18.1 OK for:  want: *
19 silly reify moves {}
20 http cache lodash@https://registry.npmjs.org/lodash/-/lodash-4.18.1.tgz 0ms (cache hit)
21 silly tarball no local data for lodash@https://registry.npmjs.org/lodash/-/lodash-4.18.1.tgz. Extracting by manifest.
22 http fetch GET 200 https://registry.npmjs.org/lodash/-/lodash-4.18.1.tgz 1080ms (cache miss)
23 silly ADD node_modules/lodash
24 verbose cwd /data/data/com.termux/files/home
25 verbose os Linux 5.15.180-android13-8-00021-g46a5565a0982-ab13743836
26 verbose node v26.3.1
27 verbose npm  v11.17.0
28 verbose exit 0
29 info ok
